[0501/155941.056:ERROR:process_info.cc(625)] range at 0x44f02a7200000000, size 0x1f6 fully unreadable
[0501/155941.057:ERROR:process_info.cc(625)] range at 0x44f02a9200000000, size 0x1f6 fully unreadable
[0501/155941.057:ERROR:process_info.cc(625)] range at 0x0, size 0x1f6 fully unreadable
[0501/162215.778:ERROR:process_reader_win.cc(114)] NtOpenThread: {Access Denied} A process has requested access to an object, but has not been granted those access rights.  (0xc0000022)
[0501/162215.807:ERROR:exception_snapshot_win.cc(87)] thread ID 14064 not found in process
[0501/162215.807:WARNING:crash_report_exception_handler.cc(60)] ProcessSnapshotWin::Initialize failed
[0501/162410.200:ERROR:process_reader_win.cc(114)] NtOpenThread: {Access Denied} A process has requested access to an object, but has not been granted those access rights.  (0xc0000022)
[0501/162410.201:ERROR:exception_snapshot_win.cc(87)] thread ID 15040 not found in process
[0501/162410.201:WARNING:crash_report_exception_handler.cc(60)] ProcessSnapshotWin::Initialize failed
[0501/162819.620:ERROR:process_reader_win.cc(114)] NtOpenThread: {Access Denied} A process has requested access to an object, but has not been granted those access rights.  (0xc0000022)
[0501/162819.615:ERROR:process_reader_win.cc(114)] NtOpenThread: {Access Denied} A process has requested access to an object, but has not been granted those access rights.  (0xc0000022)
[0501/162819.639:ERROR:exception_snapshot_win.cc(87)] thread ID 11104 not found in process
[0501/162819.639:ERROR:exception_snapshot_win.cc(87)] thread ID 1448 not found in process
[0501/162819.639:WARNING:crash_report_exception_handler.cc(60)] ProcessSnapshotWin::Initialize failed
[0501/162819.639:WARNING:crash_report_exception_handler.cc(60)] ProcessSnapshotWin::Initialize failed
[0501/163028.073:ERROR:process_reader_win.cc(114)] NtOpenThread: {Access Denied} A process has requested access to an object, but has not been granted those access rights.  (0xc0000022)
[0501/163028.073:ERROR:exception_snapshot_win.cc(87)] thread ID 14280 not found in process
[0501/163028.073:WARNING:crash_report_exception_handler.cc(60)] ProcessSnapshotWin::Initialize failed
[0501/163028.076:ERROR:process_reader_win.cc(114)] NtOpenThread: {Access Denied} A process has requested access to an object, but has not been granted those access rights.  (0xc0000022)
[0501/163028.077:ERROR:exception_snapshot_win.cc(87)] thread ID 12780 not found in process
[0501/163028.077:WARNING:crash_report_exception_handler.cc(60)] ProcessSnapshotWin::Initialize failed
[0501/163543.865:ERROR:process_reader_win.cc(114)] NtOpenThread: {Access Denied} A process has requested access to an object, but has not been granted those access rights.  (0xc0000022)
[0501/163543.909:ERROR:exception_snapshot_win.cc(87)] thread ID 15816 not found in process
[0501/163543.880:ERROR:process_reader_win.cc(114)] NtOpenThread: {Access Denied} A process has requested access to an object, but has not been granted those access rights.  (0xc0000022)
[0501/163543.909:WARNING:crash_report_exception_handler.cc(60)] ProcessSnapshotWin::Initialize failed
[0501/163543.909:ERROR:exception_snapshot_win.cc(87)] thread ID 5272 not found in process
[0501/163543.909:WARNING:crash_report_exception_handler.cc(60)] ProcessSnapshotWin::Initialize failed
[0501/163858.781:ERROR:process_info.cc(625)] range at 0xebea2c9600000000, size 0x120 fully unreadable
[0501/163858.807:ERROR:process_info.cc(625)] range at 0xebea2cb600000000, size 0x120 fully unreadable
[0501/163858.807:ERROR:process_info.cc(625)] range at 0x0, size 0x120 fully unreadable
[0501/163858.853:ERROR:process_reader_win.cc(114)] NtOpenThread: {Access Denied} A process has requested access to an object, but has not been granted those access rights.  (0xc0000022)
[0501/163858.879:ERROR:exception_snapshot_win.cc(87)] thread ID 5204 not found in process
[0501/163858.879:WARNING:crash_report_exception_handler.cc(60)] ProcessSnapshotWin::Initialize failed
[0501/163956.898:ERROR:process_reader_win.cc(114)] NtOpenThread: {Access Denied} A process has requested access to an object, but has not been granted those access rights.  (0xc0000022)
[0501/163956.898:ERROR:exception_snapshot_win.cc(87)] thread ID 1288 not found in process
[0501/163956.898:WARNING:crash_report_exception_handler.cc(60)] ProcessSnapshotWin::Initialize failed
[0501/164431.626:ERROR:process_reader_win.cc(142)] SuspendThread: Access is denied. (0x5)
[0501/164431.627:ERROR:process_reader_win.cc(114)] NtOpenThread: {Access Denied} A process has requested access to an object, but has not been granted those access rights.  (0xc0000022)
[0501/164431.627:ERROR:exception_snapshot_win.cc(87)] thread ID 1520 not found in process
[0501/164431.627:WARNING:crash_report_exception_handler.cc(60)] ProcessSnapshotWin::Initialize failed
[0501/175234.064:ERROR:process_reader_win.cc(114)] NtOpenThread: {Access Denied} A process has requested access to an object, but has not been granted those access rights.  (0xc0000022)
[0501/175234.091:ERROR:exception_snapshot_win.cc(87)] thread ID 6296 not found in process
[0501/175234.066:ERROR:process_reader_win.cc(114)] NtOpenThread: {Access Denied} A process has requested access to an object, but has not been granted those access rights.  (0xc0000022)
[0501/175234.091:WARNING:crash_report_exception_handler.cc(60)] ProcessSnapshotWin::Initialize failed
[0501/175234.091:ERROR:exception_snapshot_win.cc(87)] thread ID 9848 not found in process
[0501/175234.091:WARNING:crash_report_exception_handler.cc(60)] ProcessSnapshotWin::Initialize failed
[0501/175341.624:ERROR:process_reader_win.cc(114)] NtOpenThread: {Access Denied} A process has requested access to an object, but has not been granted those access rights.  (0xc0000022)
[0501/175341.626:ERROR:exception_snapshot_win.cc(87)] thread ID 6652 not found in process
[0501/175341.626:WARNING:crash_report_exception_handler.cc(60)] ProcessSnapshotWin::Initialize failed
[0501/175341.634:ERROR:process_reader_win.cc(114)] NtOpenThread: {Access Denied} A process has requested access to an object, but has not been granted those access rights.  (0xc0000022)
[0501/175341.637:ERROR:exception_snapshot_win.cc(87)] thread ID 16220 not found in process
[0501/175341.637:WARNING:crash_report_exception_handler.cc(60)] ProcessSnapshotWin::Initialize failed
[0501/175649.021:ERROR:process_info.cc(625)] range at 0x5ef82c9600000000, size 0x18f fully unreadable
[0501/175649.021:ERROR:process_info.cc(625)] range at 0x5ef82cb600000000, size 0x18f fully unreadable
[0501/175649.021:ERROR:process_info.cc(625)] range at 0x0, size 0x18f fully unreadable
